-------------------------------------------------------------------------------
Test set: com.instruct.test.TestartifactApplicationTests
-------------------------------------------------------------------------------
Tests run: 1, Failures: 0, Errors: 1, Skipped: 0, Time elapsed: 0.532 s <<< FAILURE! - in com.instruct.test.TestartifactApplicationTests
com.instruct.test.TestartifactApplicationTests  Time elapsed: 0.529 s  <<< ERROR!
java.lang.IllegalStateException: Unable to find a @SpringBootConfiguration, you need to use @ContextConfiguration or @SpringBootTest(classes=...) with your test

